# JRE version: Java(TM) SE Runtime Environment 18.9 (11.0.10+8) (build 11.0.10+8-LTS-162)
# Java VM: Java HotSpot(TM) 64-Bit Server VM 18.9 (11.0.10+8-LTS-162, mixed mode, tiered, compressed oops, g1 gc, windows-amd64)
Heap:
 garbage-first heap   total 96256K, used 54329K [0x00000000c1200000, 0x0000000100000000)
  region size 1024K, 37 young (37888K), 5 survivors (5120K)
 Metaspace       used 74427K, capacity 79113K, committed 79232K, reserved 1114112K
  class space    used 11108K, capacity 13653K, committed 13696K, reserved 1048576K
GC Heap History (10 events):
Event: 8.273 GC heap before
{Heap before GC invocations=7 (full 0):
 garbage-first heap   total 79872K, used 48759K [0x00000000c1200000, 0x0000000100000000)
  region size 1024K, 43 young (44032K), 3 survivors (3072K)
 Metaspace       used 44078K, capacity 45854K, committed 46080K, reserved 1087488K
  class space    used 6098K, capacity 7137K, committed 7168K, reserved 1048576K
}
Event: 8.294 GC heap after
{Heap after GC invocations=8 (full 0):
 garbage-first heap   total 79872K, used 12175K [0x00000000c1200000, 0x0000000100000000)
  region size 1024K, 6 young (6144K), 6 survivors (6144K)
 Metaspace       used 44078K, capacity 45854K, committed 46080K, reserved 1087488K
  class space    used 6098K, capacity 7137K, committed 7168K, reserved 1048576K
}
Event: 9.937 GC heap before
{Heap before GC invocations=8 (full 0):
 garbage-first heap   total 79872K, used 51087K [0x00000000c1200000, 0x0000000100000000)
  region size 1024K, 45 young (46080K), 6 survivors (6144K)
 Metaspace       used 54443K, capacity 56826K, committed 56960K, reserved 1097728K
  class space    used 7576K, capacity 8990K, committed 9088K, reserved 1048576K
}
Event: 9.972 GC heap after
{Heap after GC invocations=9 (full 0):
 garbage-first heap   total 79872K, used 15534K [0x00000000c1200000, 0x0000000100000000)
  region size 1024K, 6 young (6144K), 6 survivors (6144K)
 Metaspace       used 54443K, capacity 56826K, committed 56960K, reserved 1097728K
  class space    used 7576K, capacity 8990K, committed 9088K, reserved 1048576K
}
Event: 10.588 GC heap before
{Heap before GC invocations=9 (full 0):
 garbage-first heap   total 79872K, used 27822K [0x00000000c1200000, 0x0000000100000000)
  region size 1024K, 19 young (19456K), 6 survivors (6144K)
 Metaspace       used 57387K, capacity 60080K, committed 60160K, reserved 1099776K
  class space    used 8054K, capacity 9593K, committed 9600K, reserved 1048576K
}
Event: 10.617 GC heap after
{Heap after GC invocations=10 (full 0):
 garbage-first heap   total 79872K, used 16670K [0x00000000c1200000, 0x0000000100000000)
  region size 1024K, 1 young (1024K), 1 survivors (1024K)
 Metaspace       used 57387K, capacity 60080K, committed 60160K, reserved 1099776K
  class space    used 8054K, capacity 9593K, committed 9600K, reserved 1048576K
}
Event: 13.314 GC heap before
{Heap before GC invocations=11 (full 0):
 garbage-first heap   total 79872K, used 45342K [0x00000000c1200000, 0x0000000100000000)
  region size 1024K, 30 young (30720K), 1 survivors (1024K)
 Metaspace       used 62921K, capacity 65845K, committed 66176K, reserved 1105920K
  class space    used 8824K, capacity 10545K, committed 10624K, reserved 1048576K
}
Event: 13.329 GC heap after
{Heap after GC invocations=12 (full 0):
 garbage-first heap   total 96256K, used 18660K [0x00000000c1200000, 0x0000000100000000)
  region size 1024K, 3 young (3072K), 3 survivors (3072K)
 Metaspace       used 62921K, capacity 65845K, committed 66176K, reserved 1105920K
  class space    used 8824K, capacity 10545K, committed 10624K, reserved 1048576K
}
Event: 16.569 GC heap before
{Heap before GC invocations=12 (full 0):
 garbage-first heap   total 96256K, used 54500K [0x00000000c1200000, 0x0000000100000000)
  region size 1024K, 39 young (39936K), 3 survivors (3072K)
 Metaspace       used 69305K, capacity 73015K, committed 73344K, reserved 1110016K
  class space    used 9954K, capacity 12050K, committed 12160K, reserved 1048576K
}
Event: 16.603 GC heap after
{Heap after GC invocations=13 (full 0):
 garbage-first heap   total 96256K, used 23609K [0x00000000c1200000, 0x0000000100000000)
  region size 1024K, 5 young (5120K), 5 survivors (5120K)
 Metaspace       used 69305K, capacity 73015K, committed 73344K, reserved 1110016K
  class space    used 9954K, capacity 12050K, committed 12160K, reserved 1048576K
}

